[debug] [2023-05-05T20:34:31.580Z] ----------------------------------------------------------------------
[debug] [2023-05-05T20:34:31.582Z] Command:       C:\Program Files\nodejs\node.exe C:\Users\jfernandes\AppData\Roaming\npm\node_modules\firebase-tools\lib\bin\firebase.js init
[debug] [2023-05-05T20:34:31.583Z] CLI Version:   11.30.0
[debug] [2023-05-05T20:34:31.583Z] Platform:      win32
[debug] [2023-05-05T20:34:31.583Z] Node Version:  v18.12.1
[debug] [2023-05-05T20:34:31.587Z] Time:          Fri May 05 2023 22:34:31 GMT+0200 (hora de verano de Europa central)
[debug] [2023-05-05T20:34:31.588Z] ----------------------------------------------------------------------
[debug] 
[debug] [2023-05-05T20:34:31.604Z] > command requires scopes: ["email","openid","https://www.googleapis.com/auth/cloudplatformprojects.readonly","https://www.googleapis.com/auth/firebase","https://www.googleapis.com/auth/cloud-platform"]
[debug] [2023-05-05T20:34:31.605Z] > authorizing via signed-in user (rei.e.joyce@gmail.com)
[info] 
     ######## #### ########  ######## ########     ###     ######  ########
     ##        ##  ##     ## ##       ##     ##  ##   ##  ##       ##
     ######    ##  ########  ######   ########  #########  ######  ######
     ##        ##  ##    ##  ##       ##     ## ##     ##       ## ##
     ##       #### ##     ## ######## ########  ##     ##  ######  ########

You're about to initialize a Firebase project in this directory:

  C:\Users\jfernandes\Desktop\Frontend_Ifc_React

[info] 
=== Project Setup
[info] 
[info] First, let's associate this project directory with a Firebase project.
[info] You can create multiple project aliases by running firebase use --add, 
[info] but for now we'll just set up a default project.
[info] 
[debug] [2023-05-05T20:37:04.596Z] >>> [apiv2][query] GET https://firebase.googleapis.com/v1beta1/projects pageSize=100
[debug] [2023-05-05T20:37:05.233Z] <<< [apiv2][status] GET https://firebase.googleapis.com/v1beta1/projects 200
[debug] [2023-05-05T20:37:05.233Z] <<< [apiv2][body] GET https://firebase.googleapis.com/v1beta1/projects [omitted]
[info] i  Using project react-ifc (React-Ifc) 
[info] 
=== Database Setup
[info] i  database: ensuring required API firebasedatabase.googleapis.com is enabled... 
[debug] [2023-05-05T20:37:08.987Z] >>> [apiv2][query] GET https://serviceusage.googleapis.com/v1/projects/react-ifc/services/firebasedatabase.googleapis.com [none]
[debug] [2023-05-05T20:37:08.987Z] >>> [apiv2][(partial)header] GET https://serviceusage.googleapis.com/v1/projects/react-ifc/services/firebasedatabase.googleapis.com x-goog-quota-user=projects/react-ifc
[debug] [2023-05-05T20:37:10.614Z] <<< [apiv2][status] GET https://serviceusage.googleapis.com/v1/projects/react-ifc/services/firebasedatabase.googleapis.com 200
[debug] [2023-05-05T20:37:10.614Z] <<< [apiv2][body] GET https://serviceusage.googleapis.com/v1/projects/react-ifc/services/firebasedatabase.googleapis.com [omitted]
[info] +  database: required API firebasedatabase.googleapis.com is enabled 
[info] 
[debug] [2023-05-05T20:37:10.619Z] >>> [apiv2][query] GET https://firebase.googleapis.com/v1beta1/projects/react-ifc [none]
[debug] [2023-05-05T20:37:10.956Z] <<< [apiv2][status] GET https://firebase.googleapis.com/v1beta1/projects/react-ifc 200
[debug] [2023-05-05T20:37:10.956Z] <<< [apiv2][body] GET https://firebase.googleapis.com/v1beta1/projects/react-ifc {"projectId":"react-ifc","projectNumber":"768475162852","displayName":"React-Ifc","name":"projects/react-ifc","resources":{"hostingSite":"react-ifc","storageBucket":"react-ifc.appspot.com","locationId":"europe-west3"},"state":"ACTIVE","etag":"1_a6485a9e-0e6c-412e-bab0-e4cc6ce86891"}
[info] 
[info] Firebase Realtime Database Security Rules allow you to define how your data should be
[info] structured and when your data can be read from and written to.
[info] 
[info] +  Default rules have been written to database.rules.json. 
[info] Future modifications to database.rules.json will update Realtime Database Security Rules when you run
[info] firebase deploy.
[info] 
=== Hosting Setup
[info] 
[info] Your public directory is the folder (relative to your project directory) that
[info] will contain Hosting assets to be uploaded with firebase deploy. If you
[info] have a build process for your assets, use your build's output directory.
[info] 
[debug] [2023-05-05T20:39:27.478Z] >>> [apiv2][query] GET https://www.gstatic.com/firebasejs/releases.json [none]
[debug] [2023-05-05T20:39:28.328Z] <<< [apiv2][status] GET https://www.gstatic.com/firebasejs/releases.json 200
[debug] [2023-05-05T20:39:28.328Z] <<< [apiv2][body] GET https://www.gstatic.com/firebasejs/releases.json {"current":{"version":"9.21.0","browserURL":"https://www.gstatic.com/firebasejs/9.21.0/firebase.js","packageURL":"https://www.gstatic.com/firebasejs/9.21.0/firebase.tgz"},"live":{"version":"9.21","browserURL":"https://www.gstatic.com/firebasejs/live/9.21/firebase.js","packageURL":"https://www.gstatic.com/firebasejs/live/9.21/firebase.tgz"},"components":{"analytics":"https://www.gstatic.com/firebasejs/9.21.0/firebase-analytics.js","app":"https://www.gstatic.com/firebasejs/9.21.0/firebase-app.js","app-check":"https://www.gstatic.com/firebasejs/9.21.0/firebase-app-check.js","auth":"https://www.gstatic.com/firebasejs/9.21.0/firebase-auth.js","auth/cordova":"https://www.gstatic.com/firebasejs/9.21.0/firebase-auth/cordova.js","auth/react-native":"https://www.gstatic.com/firebasejs/9.21.0/firebase-auth/react-native.js","functions":"https://www.gstatic.com/firebasejs/9.21.0/firebase-functions.js","firestore":"https://www.gstatic.com/firebasejs/9.21.0/firebase-firestore.js","firestore/lite":"https://www.gstatic.com/firebasejs/9.21.0/firebase-firestore/lite.js","installations":"https://www.gstatic.com/firebasejs/9.21.0/firebase-installations.js","storage":"https://www.gstatic.com/firebasejs/9.21.0/firebase-storage.js","performance":"https://www.gstatic.com/firebasejs/9.21.0/firebase-performance.js","remote-config":"https://www.gstatic.com/firebasejs/9.21.0/firebase-remote-config.js","messaging":"https://www.gstatic.com/firebasejs/9.21.0/firebase-messaging.js","messaging/sw":"https://www.gstatic.com/firebasejs/9.21.0/firebase-messaging/sw.js","database":"https://www.gstatic.com/firebasejs/9.21.0/firebase-database.js","firestore.memory":"https://www.gstatic.com/firebasejs/9.21.0/firebase-firestore.memory.js"}}
[info] i  Skipping write of public/index.html 
[info] 
[info] i  Didn't detect a .git folder. Assuming C:\Users\jfernandes\Desktop\Frontend_Ifc_React is the project root. 
[info] i  Authorizing with GitHub to upload your service account to a GitHub repository's secrets store. 
[info] 
[info] Visit this URL on this device to log in:
[info] https://github.com/login/oauth/authorize?client_id=89cf50f02ac6aaed3484&state=560549192&redirect_uri=http%3A%2F%2Flocalhost%3A9005&scope=read%3Auser%20repo%20public_repo
[info] 
[info] Waiting for authentication...
[debug] [2023-05-05T20:39:46.897Z] >>> [apiv2][query] POST https://github.com/login/oauth/access_token [none]
[debug] [2023-05-05T20:39:46.898Z] >>> [apiv2][body] POST https://github.com/login/oauth/access_token [stream]
[debug] [2023-05-05T20:39:47.314Z] <<< [apiv2][status] POST https://github.com/login/oauth/access_token 200
[debug] [2023-05-05T20:39:47.314Z] <<< [apiv2][body] POST https://github.com/login/oauth/access_token {"access_token":"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","token_type":"bearer","scope":"read:user,repo"}
[debug] [2023-05-05T20:39:47.327Z] >>> [apiv2][query] GET https://api.github.com/user [none]
[debug] [2023-05-05T20:39:47.695Z] <<< [apiv2][status] GET https://api.github.com/user 200
[debug] [2023-05-05T20:39:47.696Z] <<< [apiv2][body] GET https://api.github.com/user {"login":"Joyce-Fernandes","id":101930459,"node_id":"U_kgDOBhNV2w","avatar_url":"https://avatars.githubusercontent.com/u/101930459?v=4","gravatar_id":"","url":"https://api.github.com/users/Joyce-Fernandes","html_url":"https://github.com/Joyce-Fernandes","followers_url":"https://api.github.com/users/Joyce-Fernandes/followers","following_url":"https://api.github.com/users/Joyce-Fernandes/following{/other_user}","gists_url":"https://api.github.com/users/Joyce-Fernandes/gists{/gist_id}","starred_url":"https://api.github.com/users/Joyce-Fernandes/starred{/owner}{/repo}","subscriptions_url":"https://api.github.com/users/Joyce-Fernandes/subscriptions","organizations_url":"https://api.github.com/users/Joyce-Fernandes/orgs","repos_url":"https://api.github.com/users/Joyce-Fernandes/repos","events_url":"https://api.github.com/users/Joyce-Fernandes/events{/privacy}","received_events_url":"https://api.github.com/users/Joyce-Fernandes/received_events","type":"User","site_admin":false,"name":"Joyce Fernandes","company":"Grant Thornton","blog":"https://www.linkedin.com/in/joyce-fernandes-da-silva/","location":"Bilbao - Basque Country","email":null,"hireable":null,"bio":"I'm Joyce Fernandes, Full-Stack .NET Developer, Production Engineer and Building Technician.\r\n ","twitter_username":"Joycef171","public_repos":18,"public_gists":0,"followers":9,"following":10,"created_at":"2022-03-19T11:49:21Z","updated_at":"2023-04-17T13:37:08Z","private_gists":0,"total_private_repos":3,"owned_private_repos":3,"disk_usage":522067,"collaborators":1,"two_factor_authentication":false,"plan":{"name":"free","space":976562499,"collaborators":0,"private_repos":10000}}
[info] 
[info] +  Success! Logged into GitHub as Joyce-Fernandes 
[info] 
